This is pdfTeX, Version 3.141592653-2.6-1.40.24 (MiKTeX 22.1) (preloaded format=pdflatex 2024.4.12)  8 MAY 2024 15:47
entering extended mode
 restricted \write18 enabled.
 file:line:error style messages enabled.
 %&-line parsing enabled.
**/Users/brunosequeira/Desktop/QCS_P2/QCS-Dynamic-Software-Testing/Report/report.tex
(/Users/brunosequeira/Desktop/QCS_P2/QCS-Dynamic-Software-Testing/Report/report.tex
LaTeX2e <2023-11-01> patch level 1
L3 programming layer <2024-03-14>
(/Users/brunosequeira/Library/Application Support/MiKTeX/texmfs/install/tex/latex/base/article.cls
Document Class: article 2023/05/17 v1.4n Standard LaTeX document class
(/Users/brunosequeira/Library/Application Support/MiKTeX/texmfs/install/tex/latex/base/size10.clo
File: size10.clo 2023/05/17 v1.4n Standard LaTeX file (size option)
)
\c@part=\count188
\c@section=\count189
\c@subsection=\count190
\c@subsubsection=\count191
\c@paragraph=\count192
\c@subparagraph=\count193
\c@figure=\count194
\c@table=\count195
\abovecaptionskip=\skip48
\belowcaptionskip=\skip49
\bibindent=\dimen140
) (/Users/brunosequeira/Library/Application Support/MiKTeX/texmfs/install/tex/latex/graphics/graphicx.sty
Package: graphicx 2021/09/16 v1.2d Enhanced LaTeX Graphics (DPC,SPQR)
 (/Users/brunosequeira/Library/Application Support/MiKTeX/texmfs/install/tex/latex/graphics/keyval.sty
Package: keyval 2022/05/29 v1.15 key=value parser (DPC)
\KV@toks@=\toks17
) (/Users/brunosequeira/Library/Application Support/MiKTeX/texmfs/install/tex/latex/graphics/graphics.sty
Package: graphics 2022/03/10 v1.4e Standard LaTeX Graphics (DPC,SPQR)
 (/Users/brunosequeira/Library/Application Support/MiKTeX/texmfs/install/tex/latex/graphics/trig.sty
Package: trig 2021/08/11 v1.11 sin cos tan (DPC)
) (/Users/brunosequeira/Library/Application Support/MiKTeX/texmfs/install/tex/latex/graphics-cfg/graphics.cfg
File: graphics.cfg 2016/06/04 v1.11 sample graphics configuration
)
Package graphics Info: Driver file: pdftex.def on input line 107.
 (/Users/brunosequeira/Library/Application Support/MiKTeX/texmfs/install/tex/latex/graphics-def/pdftex.def
File: pdftex.def 2022/09/22 v1.2b Graphics/color driver for pdftex
))
\Gin@req@height=\dimen141
\Gin@req@width=\dimen142
) (/Users/brunosequeira/Library/Application Support/MiKTeX/texmfs/install/tex/latex/geometry/geometry.sty
Package: geometry 2020/01/02 v5.9 Page Geometry
 (/Users/brunosequeira/Library/Application Support/MiKTeX/texmfs/install/tex/generic/iftex/ifvtex.sty
Package: ifvtex 2019/10/25 v1.7 ifvtex legacy package. Use iftex instead.
 (/Users/brunosequeira/Library/Application Support/MiKTeX/texmfs/install/tex/generic/iftex/iftex.sty
Package: iftex 2022/02/03 v1.0f TeX engine tests
))
\Gm@cnth=\count196
\Gm@cntv=\count197
\c@Gm@tempcnt=\count198
\Gm@bindingoffset=\dimen143
\Gm@wd@mp=\dimen144
\Gm@odd@mp=\dimen145
\Gm@even@mp=\dimen146
\Gm@layoutwidth=\dimen147
\Gm@layoutheight=\dimen148
\Gm@layouthoffset=\dimen149
\Gm@layoutvoffset=\dimen150
\Gm@dimlist=\toks18
 (/Users/brunosequeira/Library/Application Support/MiKTeX/texmfs/install/tex/latex/geometry/geometry.cfg)) (/Users/brunosequeira/Library/Application Support/MiKTeX/texmfs/install/tex/latex/float/float.sty
Package: float 2001/11/08 v1.3d Float enhancements (AL)
\c@float@type=\count199
\float@exts=\toks19
\float@box=\box51
\@float@everytoks=\toks20
\@floatcapt=\box52
) (/Users/brunosequeira/Library/Application Support/MiKTeX/texmfs/install/tex/latex/tabularray/tabularray.sty (/Users/brunosequeira/Library/Application Support/MiKTeX/texmfs/install/tex/latex/l3kernel/expl3.sty
Package: expl3 2024-03-14 L3 programming layer (loader) 
 (/Users/brunosequeira/Library/Application Support/MiKTeX/texmfs/install/tex/latex/l3backend/l3backend-pdftex.def
File: l3backend-pdftex.def 2024-03-14 L3 backend support: PDF output (pdfTeX)
\l__color_backend_stack_int=\count266
\l__pdf_internal_box=\box53
))
Package: tabularray 2024-02-16 v2024A Typeset tabulars and arrays with LaTeX3
\l__tblr_a_int=\count267
\l__tblr_c_int=\count268
\l__tblr_r_int=\count269
\l__tblr_d_dim=\dimen151
\l__tblr_h_dim=\dimen152
\l__tblr_o_dim=\dimen153
\l__tblr_p_dim=\dimen154
\l__tblr_q_dim=\dimen155
\l__tblr_r_dim=\dimen156
\l__tblr_s_dim=\dimen157
\l__tblr_t_dim=\dimen158
\l__tblr_v_dim=\dimen159
\l__tblr_w_dim=\dimen160
\l__tblr_a_box=\box54
\l__tblr_b_box=\box55
\l__tblr_c_box=\box56
\l__tblr_d_box=\box57
\g__tblr_table_count_int=\count270
\c@rownum=\count271
\c@colnum=\count272
\c@rowcount=\count273
\c@colcount=\count274
\abovesep=\dimen161
\belowsep=\dimen162
\leftsep=\dimen163
\rightsep=\dimen164
\g_tblr_level_int=\count275
\g__tblr_data_row_key_count_int=\count276
\g__tblr_data_column_key_count_int=\count277
\g__tblr_data_cell_key_count_int=\count278
\g__tblr_array_int=\count279
\l__tblr_key_count_int=\count280
\l__tblr_key_quotient_int=\count281
\l__tblr_key_quotient_two_int=\count282
\l__tblr_key_remainder_int=\count283
\g__tblr_data_str_value_count_int=\count284
\rulewidth=\dimen165
\l__tblr_strut_dp_dim=\dimen166
\l__tblr_strut_ht_dim=\dimen167
\g__tblr_cell_wd_dim=\dimen168
\g__tblr_cell_ht_dim=\dimen169
\g__tblr_cell_head_dim=\dimen170
\g__tblr_cell_foot_dim=\dimen171
\l__column_target_dim=\dimen172
\l__tblr_caption_box=\box58
\l__tblr_caption_left_box=\box59
\l__tblr_row_head_box=\box60
\l__tblr_row_foot_box=\box61
\l__tblr_row_head_foot_dim=\dimen173
\tablewidth=\dimen174
\l__tblr_table_firsthead_box=\box62
\l__tblr_table_middlehead_box=\box63
\l__tblr_table_lasthead_box=\box64
\l__tblr_table_firstfoot_box=\box65
\l__tblr_table_middlefoot_box=\box66
\l__tblr_table_lastfoot_box=\box67
\l__tblr_remain_height_dim=\dimen175
\l__tblr_long_from_int=\count285
\l__tblr_long_to_int=\count286
\l__tblr_curr_i_int=\count287
\l__tblr_prev_i_int=\count288
\l__tblr_table_page_int=\count289
\l__tblr_table_head_box=\box68
\l__tblr_table_foot_box=\box69
\l__tblr_table_head_foot_dim=\dimen176
\l__tblr_table_head_body_foot_dim=\dimen177
\l__tblr_table_box=\box70
\l__tblr_table_hlines_box=\box71
\l__tblr_hline_box=\box72
\l__tblr_row_box=\box73
\l__tblr_col_o_wd_dim=\dimen178
\l__tblr_col_b_wd_dim=\dimen179
\l__tblr_hline_leftskip_dim=\dimen180
\l__tblr_hline_rightskip_dim=\dimen181
\l__tblr_row_ht_dim=\dimen182
\l__tblr_row_dp_dim=\dimen183
\l__tblr_row_abovesep_dim=\dimen184
\l__tblr_row_belowsep_dim=\dimen185
\l__tblr_row_vlines_box=\box74
\l__tblr_vline_box=\box75
\l__tblr_cell_box=\box76
\l__row_upper_dim=\dimen186
\l__row_lower_dim=\dimen187
\l__row_vpace_dim=\dimen188
\l__tblr_vline_aboveskip_dim=\dimen189
\l__tblr_vline_belowskip_dim=\dimen190
\l__tblr_cell_wd_dim=\dimen191
\l__tblr_cell_ht_dim=\dimen192
\l__tblr_diag_box=\box77
) (/Users/brunosequeira/Library/Application Support/MiKTeX/texmfs/install/tex/latex/listings/listings.sty
\lst@mode=\count290
\lst@gtempboxa=\box78
\lst@token=\toks21
\lst@length=\count291
\lst@currlwidth=\dimen193
\lst@column=\count292
\lst@pos=\count293
\lst@lostspace=\dimen194
\lst@width=\dimen195
\lst@newlines=\count294
\lst@lineno=\count295
\lst@maxwidth=\dimen196
 (/Users/brunosequeira/Library/Application Support/MiKTeX/texmfs/install/tex/latex/listings/lstpatch.sty
File: lstpatch.sty 2024/03/11 1.10a (Carsten Heinz)
) (/Users/brunosequeira/Library/Application Support/MiKTeX/texmfs/install/tex/latex/listings/lstmisc.sty
File: lstmisc.sty 2024/03/11 1.10a (Carsten Heinz)
\c@lstnumber=\count296
\lst@skipnumbers=\count297
\lst@framebox=\box79
) (/Users/brunosequeira/Library/Application Support/MiKTeX/texmfs/install/tex/latex/listings/listings.cfg
File: listings.cfg 2024/03/11 1.10a listings configuration
))
Package: listings 2024/03/11 1.10a (Carsten Heinz)
 (/Users/brunosequeira/Library/Application Support/MiKTeX/texmfs/install/tex/latex/colortbl/colortbl.sty
Package: colortbl 2024/02/20 v1.0g Color table columns (DPC)
 (/Users/brunosequeira/Library/Application Support/MiKTeX/texmfs/install/tex/latex/tools/array.sty
Package: array 2023/10/16 v2.5g Tabular extension package (FMi)
\col@sep=\dimen197
\ar@mcellbox=\box80
\extrarowheight=\dimen198
\NC@list=\toks22
\extratabsurround=\skip50
\backup@length=\skip51
\ar@cellbox=\box81
) (/Users/brunosequeira/Library/Application Support/MiKTeX/texmfs/install/tex/latex/graphics/color.sty
Package: color 2022/01/06 v1.3d Standard LaTeX Color (DPC)
 (/Users/brunosequeira/Library/Application Support/MiKTeX/texmfs/install/tex/latex/graphics-cfg/color.cfg
File: color.cfg 2016/01/02 v1.6 sample color configuration
)
Package color Info: Driver file: pdftex.def on input line 149.
 (/Users/brunosequeira/Library/Application Support/MiKTeX/texmfs/install/tex/latex/graphics/mathcolor.ltx))
\everycr=\toks23
\minrowclearance=\skip52
) (/Users/brunosequeira/Library/Application Support/MiKTeX/texmfs/install/tex/latex/xcolor/xcolor.sty
Package: xcolor 2023/11/15 v3.01 LaTeX color extensions (UK)
 (/Users/brunosequeira/Library/Application Support/MiKTeX/texmfs/install/tex/latex/graphics-cfg/color.cfg
File: color.cfg 2016/01/02 v1.6 sample color configuration
)
Package xcolor Info: Driver file: pdftex.def on input line 274.
LaTeX Info: Redefining \color on input line 758.
 (/Users/brunosequeira/Library/Application Support/MiKTeX/texmfs/install/tex/latex/graphics/mathcolor.ltx)
Package xcolor Info: Model `cmy' substituted by `cmy0' on input line 1350.
Package xcolor Info: Model `hsb' substituted by `rgb' on input line 1354.
Package xcolor Info: Model `RGB' extended on input line 1366.
Package xcolor Info: Model `HTML' substituted by `rgb' on input line 1368.
Package xcolor Info: Model `Hsb' substituted by `hsb' on input line 1369.
Package xcolor Info: Model `tHsb' substituted by `hsb' on input line 1370.
Package xcolor Info: Model `HSB' substituted by `hsb' on input line 1371.
Package xcolor Info: Model `Gray' substituted by `gray' on input line 1372.
Package xcolor Info: Model `wave' substituted by `hsb' on input line 1373.
) (report.aux

LaTeX Warning: Label `tab:tabela_exemplo' multiply defined.


LaTeX Warning: Label `tab:tabela_exemplo' multiply defined.


LaTeX Warning: Label `tab:tabela_exemplo' multiply defined.


LaTeX Warning: Label `tab:tabela_exemplo' multiply defined.


LaTeX Warning: Label `tab:tabela_exemplo' multiply defined.


LaTeX Warning: Label `tab:tabela_exemplo' multiply defined.


LaTeX Warning: Label `tab:tabela_exemplo' multiply defined.


LaTeX Warning: Label `tab:tabela_exemplo' multiply defined.

)
\openout1 = `report.aux'.

LaTeX Font Info:    Checking defaults for OML/cmm/m/it on input line 11.
LaTeX Font Info:    ... okay on input line 11.
LaTeX Font Info:    Checking defaults for OMS/cmsy/m/n on input line 11.
LaTeX Font Info:    ... okay on input line 11.
LaTeX Font Info:    Checking defaults for OT1/cmr/m/n on input line 11.
LaTeX Font Info:    ... okay on input line 11.
LaTeX Font Info:    Checking defaults for T1/cmr/m/n on input line 11.
LaTeX Font Info:    ... okay on input line 11.
LaTeX Font Info:    Checking defaults for TS1/cmr/m/n on input line 11.
LaTeX Font Info:    ... okay on input line 11.
LaTeX Font Info:    Checking defaults for OMX/cmex/m/n on input line 11.
LaTeX Font Info:    ... okay on input line 11.
LaTeX Font Info:    Checking defaults for U/cmr/m/n on input line 11.
LaTeX Font Info:    ... okay on input line 11.
 (/Users/brunosequeira/Library/Application Support/MiKTeX/texmfs/install/tex/context/base/mkii/supp-pdf.mkii
[Loading MPS to PDF converter (version 2006.09.02).]
\scratchcounter=\count298
\scratchdimen=\dimen199
\scratchbox=\box82
\nofMPsegments=\count299
\nofMParguments=\count300
\everyMPshowfont=\toks24
\MPscratchCnt=\count301
\MPscratchDim=\dimen256
\MPnumerator=\count302
\makeMPintoPDFobject=\count303
\everyMPtoPDFconversion=\toks25
) (/Users/brunosequeira/Library/Application Support/MiKTeX/texmfs/install/tex/latex/epstopdf-pkg/epstopdf-base.sty
Package: epstopdf-base 2020-01-24 v2.11 Base part for package epstopdf
Package epstopdf-base Info: Redefining graphics rule for `.eps' on input line 485.
 (/Users/brunosequeira/Library/Application Support/MiKTeX/texmfs/install/tex/latex/00miktex/epstopdf-sys.cfg
File: epstopdf-sys.cfg 2021/03/18 v2.0 Configuration of epstopdf for MiKTeX
))
*geometry* driver: auto-detecting
*geometry* detected driver: pdftex
*geometry* verbose mode - [ preamble ] result:
* driver: pdftex
* paper: <default>
* layout: <same size as paper>
* layoutoffset:(h,v)=(0.0pt,0.0pt)
* modes: 
* h-part:(L,W,R)=(92.14519pt, 430.00462pt, 92.14519pt)
* v-part:(T,H,B)=(95.39737pt, 556.47656pt, 143.09605pt)
* \paperwidth=614.295pt
* \paperheight=794.96999pt
* \textwidth=430.00462pt
* \textheight=556.47656pt
* \oddsidemargin=19.8752pt
* \evensidemargin=19.8752pt
* \topmargin=-13.87262pt
* \headheight=12.0pt
* \headsep=25.0pt
* \topskip=10.0pt
* \footskip=30.0pt
* \marginparwidth=65.0pt
* \marginparsep=11.0pt
* \columnsep=10.0pt
* \skip\footins=9.0pt plus 4.0pt minus 2.0pt
* \hoffset=0.0pt
* \voffset=0.0pt
* \mag=1000
* \@twocolumnfalse
* \@twosidefalse
* \@mparswitchfalse
* \@reversemarginfalse
* (1in=72.27pt=25.4mm, 1cm=28.453pt)

(/Users/brunosequeira/Library/Application Support/MiKTeX/texmfs/install/tex/latex/ninecolors/ninecolors.sty
Package: ninecolors 2022-02-13 v2022D Select colors with proper color contrast
 (/Users/brunosequeira/Library/Application Support/MiKTeX/texmfs/install/tex/latex/l3packages/xparse/xparse.sty
Package: xparse 2024-03-14 L3 Experimental document command parser
))
\c@lstlisting=\count304
<Images/dei_thumb.png, id=1, 240.9pt x 39.5076pt>
File: Images/dei_thumb.png Graphic file (type png)
<use Images/dei_thumb.png>
Package pdftex.def Info: Images/dei_thumb.png  used on input line 17.
(pdftex.def)             Requested size: 171.99922pt x 28.20853pt.
LaTeX Font Info:    External font `cmex10' loaded for size
(Font)              <7> on input line 30.
LaTeX Font Info:    External font `cmex10' loaded for size
(Font)              <5> on input line 30.
 [1

{/Users/brunosequeira/Library/Application Support/MiKTeX/texmfs/data/fonts/map/pdftex/pdftex.map} <./Images/dei_thumb.png>] (report.toc)
\tf@toc=\write3
\openout3 = `report.toc'.

 [1

] (report.lof)
\tf@lof=\write4
\openout4 = `report.lof'.

 (report.lot)
\tf@lot=\write5
\openout5 = `report.lot'.

 [2

]
Underfull \hbox (badness 10000) in paragraph at lines 56--57

 []

[3

]
Underfull \hbox (badness 10000) in paragraph at lines 81--82

 []


Underfull \hbox (badness 10000) in paragraph at lines 89--90

 []


Overfull \hbox (4.74611pt too wide) in paragraph at lines 107--108
[]\OT1/cmr/m/n/10 Funcionalidade b^^Sasica: Testes para garantir que o algoritmo funcione corretamente em situa^^Xc~oes
 []

[4]
Underfull \hbox (badness 10000) in paragraph at lines 130--131

 []

[5]
Overfull \hbox (12.34795pt too wide) in paragraph at lines 150--151
[]\OT1/cmr/m/n/10 Para realiza^^Xc~ao deste m^^Setodo, iremos apresentar passo a passo, a implementa^^Xc~ao deste. Projetando
 []

[6

]
<Images/ControlFlowGraphDijkstra.png, id=32, 1142.2675pt x 1145.27875pt>
File: Images/ControlFlowGraphDijkstra.png Graphic file (type png)
<use Images/ControlFlowGraphDijkstra.png>
Package pdftex.def Info: Images/ControlFlowGraphDijkstra.png  used on input line 161.
(pdftex.def)             Requested size: 430.00462pt x 431.13866pt.

Underfull \hbox (badness 10000) in paragraph at lines 168--171

 []


Underfull \hbox (badness 10000) in paragraph at lines 172--173

 []

[7

 <./Images/ControlFlowGraphDijkstra.png>]
Underfull \hbox (badness 10000) in paragraph at lines 180--181

 []


Underfull \hbox (badness 10000) in paragraph at lines 197--198

 []


Underfull \hbox (badness 10000) in paragraph at lines 199--200

 []


Underfull \hbox (badness 10000) in paragraph at lines 201--202

 []


Underfull \hbox (badness 10000) in paragraph at lines 206--207

 []


Underfull \hbox (badness 10000) in paragraph at lines 207--209

 []

[8]
Underfull \hbox (badness 10000) in paragraph at lines 210--211

 []


Underfull \hbox (badness 10000) in paragraph at lines 217--218
[]|\OT1/cmr/bx/n/10 Output
 []

[9]
<Images/ControlFlowSudoku.png, id=43, 1071.00125pt x 904.37875pt>
File: Images/ControlFlowSudoku.png Graphic file (type png)
<use Images/ControlFlowSudoku.png>
Package pdftex.def Info: Images/ControlFlowSudoku.png  used on input line 275.
(pdftex.def)             Requested size: 430.00462pt x 363.11127pt.

Underfull \hbox (badness 10000) in paragraph at lines 272--278

 []


Underfull \hbox (badness 10000) in paragraph at lines 279--280

 []


Underfull \hbox (badness 10000) in paragraph at lines 281--283

 []


Underfull \hbox (badness 10000) in paragraph at lines 284--285

 []

[10

 <./Images/ControlFlowSudoku.png>]
Underfull \hbox (badness 10000) in paragraph at lines 292--293

 []


Underfull \hbox (badness 10000) in paragraph at lines 307--308

 []


Underfull \hbox (badness 10000) in paragraph at lines 312--313

 []


Underfull \hbox (badness 10000) in paragraph at lines 321--322
[]|\OT1/cmr/bx/n/10 Output
 []

[11]
Overfull \vbox (30.21228pt too high) has occurred while \output is active []

 [12]
Underfull \hbox (badness 10000) in paragraph at lines 433--434

 []


Underfull \hbox (badness 10000) in paragraph at lines 435--437

 []


Underfull \hbox (badness 10000) in paragraph at lines 443--445

 []

<Images/DataFlowDijkstra.png, id=55, 917.4275pt x 1125.20375pt>
File: Images/DataFlowDijkstra.png Graphic file (type png)
<use Images/DataFlowDijkstra.png>
Package pdftex.def Info: Images/DataFlowDijkstra.png  used on input line 458.
(pdftex.def)             Requested size: 430.00462pt x 527.38646pt.
[13]
Underfull \hbox (badness 10000) in paragraph at lines 464--465

 []

[14 <./Images/DataFlowDijkstra.png>]
Overfull \hbox (2.21834pt too wide) in paragraph at lines 465--470
[]\OT1/cmr/m/n/10 Para cada vari^^Savel, iremos identificar caminhos no gr^^Safico de fluxo de dados que satisfa^^Xcam
 []

[15]
Overfull \hbox (3.35706pt too wide) in paragraph at lines 571--572
[]\OT1/cmr/m/n/10 Iremos apresentar de seguida os casos de teste para os caminhos completos acima descritos. 
 []


Underfull \hbox (badness 10000) in paragraph at lines 571--572

 []


Underfull \hbox (badness 10000) in paragraph at lines 573--575

 []

[16]
Underfull \hbox (badness 10000) in paragraph at lines 579--580

 []


Underfull \hbox (badness 10000) in paragraph at lines 581--589

 []


Underfull \hbox (badness 10000) in paragraph at lines 590--593

 []

[17]
<Images/DataFlowSudoku.png, id=72, 1044.90375pt x 1177.39874pt>
File: Images/DataFlowSudoku.png Graphic file (type png)
<use Images/DataFlowSudoku.png>
Package pdftex.def Info: Images/DataFlowSudoku.png  used on input line 627.
(pdftex.def)             Requested size: 430.00462pt x 484.53317pt.

Underfull \hbox (badness 10000) in paragraph at lines 632--633

 []

[18

 <./Images/DataFlowSudoku.png>]
Overfull \hbox (2.21834pt too wide) in paragraph at lines 634--639
[]\OT1/cmr/m/n/10 Para cada vari^^Savel, iremos identificar caminhos no gr^^Safico de fluxo de dados que satisfa^^Xcam
 []


Underfull \hbox (badness 10000) in paragraph at lines 650--653

 []


Underfull \hbox (badness 10000) in paragraph at lines 673--676

 []

[19]
Underfull \hbox (badness 10000) in paragraph at lines 689--692

 []


Underfull \hbox (badness 10000) in paragraph at lines 703--706

 []


Underfull \hbox (badness 10000) in paragraph at lines 708--709

 []


Underfull \hbox (badness 10000) in paragraph at lines 710--711

 []


Underfull \hbox (badness 10000) in paragraph at lines 715--716

 []


Underfull \hbox (badness 10000) in paragraph at lines 717--726

 []


Underfull \hbox (badness 10000) in paragraph at lines 717--726

 []

[20]
Underfull \hbox (badness 10000) in paragraph at lines 727--737

 []


Underfull \hbox (badness 10000) in paragraph at lines 727--737

 []

[21]
LaTeX Font Info:    Trying to load font information for OML+cmr on input line 798.
 (/Users/brunosequeira/Library/Application Support/MiKTeX/texmfs/install/tex/latex/base/omlcmr.fd
File: omlcmr.fd 2023/04/13 v2.5m Standard LaTeX font definitions
)
LaTeX Font Info:    Font shape `OML/cmr/m/n' in size <10> not available
(Font)              Font shape `OML/cmm/m/it' tried instead on input line 798.

Underfull \hbox (badness 10000) in paragraph at lines 798--799

 []


Overfull \hbox (55.30211pt too wide) in paragraph at lines 800--801
[]\OT1/cmr/m/n/10 /openjdk-21.0.2/Contents/Home/bin/java Code.Dijkstra \OML/cmm/m/it/10 > \OT1/cmr/m/n/10 Outputs/ControlFlow/Output/Dijkstra/P5.txt 
 []


Underfull \hbox (badness 10000) in paragraph at lines 800--801

 []


Underfull \hbox (badness 10000) in paragraph at lines 806--807

 []

[22]
Overfull \hbox (19.01367pt too wide) in paragraph at lines 818--853
 [][] 
 []


Overfull \hbox (19.01367pt too wide) in paragraph at lines 866--971
 [][] 
 []

[23

]
Overfull \vbox (32.61197pt too high) has occurred while \output is active []

 [24]
Overfull \hbox (19.01367pt too wide) in paragraph at lines 981--1079
 [][] 
 []


Overfull \vbox (16.80457pt too high) has occurred while \output is active []

 [25]
Overfull \hbox (19.01367pt too wide) in paragraph at lines 1091--1169
 [][] 
 []


Overfull \hbox (19.01367pt too wide) in paragraph at lines 1177--1254
 [][] 
 []

[26] [27] [28] (report.aux)
 ***********
LaTeX2e <2023-11-01> patch level 1
L3 programming layer <2024-03-14>
 ***********


LaTeX Warning: There were multiply-defined labels.

 ) 
Here is how much of TeX's memory you used:
 6373 strings out of 476358
 124427 string characters out of 5790756
 1948493 words of memory out of 5000000
 28440 multiletter control sequences out of 15000+600000
 561042 words of font info for 46 fonts, out of 8000000 for 9000
 0 hyphenation exceptions out of 8191
 65i,13n,79p,649b,409s stack positions out of 10000i,1000n,20000p,200000b,200000s
 </Users/brunosequeira/Library/Application Support/MiKTeX/texmfs/data/fonts/pk/ljfour/jknappen/ec/dpi600/tcrm1000.pk></Users/brunosequeira/Library/Application Support/MiKTeX/texmfs/install/fonts/type1/public/amsfonts/cm/cmbx10.pfb></Users/brunosequeira/Library/Application Support/MiKTeX/texmfs/install/fonts/type1/public/amsfonts/cm/cmbx12.pfb></Users/brunosequeira/Library/Application Support/MiKTeX/texmfs/install/fonts/type1/public/amsfonts/cm/cmmi10.pfb></Users/brunosequeira/Library/Application Support/MiKTeX/texmfs/install/fonts/type1/public/amsfonts/cm/cmr10.pfb></Users/brunosequeira/Library/Application Support/MiKTeX/texmfs/install/fonts/type1/public/amsfonts/cm/cmti10.pfb>
Output written on report.pdf (29 pages, 412819 bytes).
PDF statistics:
 137 PDF objects out of 1000 (max. 8388607)
 0 named destinations out of 1000 (max. 500000)
 26 words of extra memory for PDF output out of 10000 (max. 10000000)

